# JRE version: OpenJDK Runtime Environment (11.0.10) (build 11.0.10+0-b96-7249189)
# Java VM: OpenJDK 64-Bit Server VM (11.0.10+0-b96-7249189, mixed mode, tiered, compressed oops, g1 gc, windows-amd64)
Heap:
 garbage-first heap   total 131072K, used 63902K [0x0000000080000000, 0x0000000100000000)
  region size 1024K, 45 young (46080K), 7 survivors (7168K)
 Metaspace       used 38129K, capacity 39033K, committed 39296K, reserved 1083392K
  class space    used 4847K, capacity 5176K, committed 5248K, reserved 1048576K
GC Heap History (12 events):
Event: 59.677 GC heap before
{Heap before GC invocations=0 (full 0):
 garbage-first heap   total 131072K, used 29696K [0x0000000080000000, 0x0000000100000000)
  region size 1024K, 24 young (24576K), 0 survivors (0K)
 Metaspace       used 10211K, capacity 10469K, committed 10624K, reserved 1058816K
  class space    used 1061K, capacity 1107K, committed 1152K, reserved 1048576K
}
Event: 59.836 GC heap after
{Heap after GC invocations=1 (full 0):
 garbage-first heap   total 131072K, used 9666K [0x0000000080000000, 0x0000000100000000)
  region size 1024K, 3 young (3072K), 3 survivors (3072K)
 Metaspace       used 10211K, capacity 10469K, committed 10624K, reserved 1058816K
  class space    used 1061K, capacity 1107K, committed 1152K, reserved 1048576K
}
Event: 62.090 GC heap before
{Heap before GC invocations=1 (full 0):
 garbage-first heap   total 131072K, used 32194K [0x0000000080000000, 0x0000000100000000)
  region size 1024K, 25 young (25600K), 3 survivors (3072K)
 Metaspace       used 11161K, capacity 11454K, committed 11520K, reserved 1058816K
  class space    used 1166K, capacity 1243K, committed 1280K, reserved 1048576K
}
Event: 62.097 GC heap after
{Heap after GC invocations=2 (full 0):
 garbage-first heap   total 131072K, used 10288K [0x0000000080000000, 0x0000000100000000)
  region size 1024K, 1 young (1024K), 1 survivors (1024K)
 Metaspace       used 11161K, capacity 11454K, committed 11520K, reserved 1058816K
  class space    used 1166K, capacity 1243K, committed 1280K, reserved 1048576K
}
Event: 76.739 GC heap before
{Heap before GC invocations=2 (full 0):
 garbage-first heap   total 131072K, used 58416K [0x0000000080000000, 0x0000000100000000)
  region size 1024K, 48 young (49152K), 1 survivors (1024K)
 Metaspace       used 17597K, capacity 18040K, committed 18048K, reserved 1064960K
  class space    used 2049K, capacity 2174K, committed 2176K, reserved 1048576K
}
Event: 76.785 GC heap after
{Heap after GC invocations=3 (full 0):
 garbage-first heap   total 131072K, used 16380K [0x0000000080000000, 0x0000000100000000)
  region size 1024K, 6 young (6144K), 6 survivors (6144K)
 Metaspace       used 17597K, capacity 18040K, committed 18048K, reserved 1064960K
  class space    used 2049K, capacity 2174K, committed 2176K, reserved 1048576K
}
Event: 77.834 GC heap before
{Heap before GC invocations=3 (full 0):
 garbage-first heap   total 131072K, used 40956K [0x0000000080000000, 0x0000000100000000)
  region size 1024K, 32 young (32768K), 6 survivors (6144K)
 Metaspace       used 20597K, capacity 21104K, committed 21248K, reserved 1067008K
  class space    used 2506K, capacity 2690K, committed 2816K, reserved 1048576K
}
Event: 77.852 GC heap after
{Heap after GC invocations=4 (full 0):
 garbage-first heap   total 131072K, used 17370K [0x0000000080000000, 0x0000000100000000)
  region size 1024K, 2 young (2048K), 2 survivors (2048K)
 Metaspace       used 20597K, capacity 21104K, committed 21248K, reserved 1067008K
  class space    used 2506K, capacity 2690K, committed 2816K, reserved 1048576K
}
Event: 80.469 GC heap before
{Heap before GC invocations=5 (full 0):
 garbage-first heap   total 131072K, used 66522K [0x0000000080000000, 0x0000000100000000)
  region size 1024K, 50 young (51200K), 2 survivors (2048K)
 Metaspace       used 25674K, capacity 26340K, committed 26368K, reserved 1073152K
  class space    used 3349K, capacity 3568K, committed 3584K, reserved 1048576K
}
Event: 80.474 GC heap after
{Heap after GC invocations=6 (full 0):
 garbage-first heap   total 131072K, used 18949K [0x0000000080000000, 0x0000000100000000)
  region size 1024K, 3 young (3072K), 3 survivors (3072K)
 Metaspace       used 25674K, capacity 26340K, committed 26368K, reserved 1073152K
  class space    used 3349K, capacity 3568K, committed 3584K, reserved 1048576K
}
Event: 83.597 GC heap before
{Heap before GC invocations=6 (full 0):
 garbage-first heap   total 131072K, used 79365K [0x0000000080000000, 0x0000000100000000)
  region size 1024K, 64 young (65536K), 3 survivors (3072K)
 Metaspace       used 35033K, capacity 35839K, committed 35840K, reserved 1081344K
  class space    used 4534K, capacity 4864K, committed 4864K, reserved 1048576K
}
Event: 83.619 GC heap after
{Heap after GC invocations=7 (full 0):
 garbage-first heap   total 131072K, used 22942K [0x0000000080000000, 0x0000000100000000)
  region size 1024K, 7 young (7168K), 7 survivors (7168K)
 Metaspace       used 35033K, capacity 35839K, committed 35840K, reserved 1081344K
  class space    used 4534K, capacity 4864K, committed 4864K, reserved 1048576K
}

